<?xml version="1.0" encoding="UTF-8"?>
<!-- Generated by org.testng.reporters.JUnitReportReporter -->
<testsuite hostname="RomanEmpire" failures="0" tests="5" name="Scernario1.loginpage$OrangeHRM" time="42.756" errors="0" timestamp="2024-07-27T16:39:19 IST" skipped="0">
  <testcase classname="Scernario1.loginpage$OrangeHRM" name="Execution" time="7.155"/>
  <testcase classname="Scernario1.loginpage$OrangeHRM" name="Execution" time="11.697"/>
  <testcase classname="Scernario1.loginpage$OrangeHRM" name="Execution" time="10.214"/>
  <testcase classname="Scernario1.loginpage$OrangeHRM" name="Execution" time="8.461"/>
  <testcase classname="Scernario1.loginpage$OrangeHRM" name="Execution" time="5.229"/>
</testsuite> <!-- Scernario1.loginpage$OrangeHRM -->
