<?xml version="1.0" encoding="UTF-8"?>
<!-- Generated by org.testng.reporters.JUnitReportReporter -->
<testsuite hostname="RomanEmpire" failures="0" tests="1" name="Scernario1.test" time="37.838" errors="0" timestamp="2024-08-03T14:55:22 IST" skipped="0">
  <testcase classname="Scernario1.test" name="y" time="37.838"/>
</testsuite> <!-- Scernario1.test -->
